CLIENT_HANDSHAKE_TRAFFIC_SECRET 53db0caa487ed9d3bb8cc2dcac859eca0731ab1160c16fdf9ad37376549df60f b963487bb0638c76a11af9b8472b84b40b9d088b64c4ded82cc2bc27d7bbe553
SERVER_HANDSHAKE_TRAFFIC_SECRET 53db0caa487ed9d3bb8cc2dcac859eca0731ab1160c16fdf9ad37376549df60f f3c7b282ca910565d6451a643a189598eb87f6d34a150cab16ef3f661cd9a1df
CLIENT_HANDSHAKE_TRAFFIC_SECRET 365cf037d6a90901fc6c1da1c505a045a43787de0a700e0602869f753d5d630f dbdea21fad81c7752f462375b0d7c3e929f40daf0204672fb0f80db4129d0564
SERVER_HANDSHAKE_TRAFFIC_SECRET 365cf037d6a90901fc6c1da1c505a045a43787de0a700e0602869f753d5d630f c8b39a20e6dc2e3c0ee9f00e2419da74ade02a8e70fcc5aab16074c99f80dd70
CLIENT_HANDSHAKE_TRAFFIC_SECRET ba8f7e746ba3645654c8960eb5c551da0536a8a056828d452265c39d7e82106b 305f4a7ed97d5ca4b74ca722ff7ee84ed7d0964553e9b34707353653a81005f9
SERVER_HANDSHAKE_TRAFFIC_SECRET ba8f7e746ba3645654c8960eb5c551da0536a8a056828d452265c39d7e82106b 076ee41f8017ac86b9db8f627f37f49f47665aa4221f932ca23036e9af9e014e
CLIENT_HANDSHAKE_TRAFFIC_SECRET 8fbdcd80fe482a85e81f9516ca65094f14a52949f537d8843d116c4c4c75fb4c 26157c9c2f10cf6dbd8067293cfa5c4633b90afa9d810c012fd4e8f5a75bc39b
SERVER_HANDSHAKE_TRAFFIC_SECRET 8fbdcd80fe482a85e81f9516ca65094f14a52949f537d8843d116c4c4c75fb4c 07bae811feb9aede8bae3d41dc27fc849648cb52faefc38eb4fed6590beb46ff
CLIENT_TRAFFIC_SECRET_0 53db0caa487ed9d3bb8cc2dcac859eca0731ab1160c16fdf9ad37376549df60f 5d9a731f0e33ac163d7a42e296362910c78e3f52a281d5e7c06f5817d98b1bfb
SERVER_TRAFFIC_SECRET_0 53db0caa487ed9d3bb8cc2dcac859eca0731ab1160c16fdf9ad37376549df60f 6713402b4a69245825ad4d848e6269f2524c271f8ae769bfb78e1da591d2cfd1
EXPORTER_SECRET 53db0caa487ed9d3bb8cc2dcac859eca0731ab1160c16fdf9ad37376549df60f 03ceb26deb31596875e6f5417661b902e6f93ad181477a6bb52c353d95e2c8a6
CLIENT_TRAFFIC_SECRET_0 365cf037d6a90901fc6c1da1c505a045a43787de0a700e0602869f753d5d630f 54ed710617b7ff3d3c269d13ae4fb1e6214a3ff0c72a7c8f167b48df08c7bc4c
SERVER_TRAFFIC_SECRET_0 365cf037d6a90901fc6c1da1c505a045a43787de0a700e0602869f753d5d630f 896ed367a22081b278f0f32a8f2869c341369437dd3706f86c4cc8d1c319499e
EXPORTER_SECRET 365cf037d6a90901fc6c1da1c505a045a43787de0a700e0602869f753d5d630f b4abd4294f83dca7270e0ffa134caf21a783f9443c4882c3d019b7de107367ce
CLIENT_TRAFFIC_SECRET_0 8fbdcd80fe482a85e81f9516ca65094f14a52949f537d8843d116c4c4c75fb4c 54dacd10209bf90c1e0c0493a00a53f955ed6b89dc7aebcc08516ceaf17e3293
SERVER_TRAFFIC_SECRET_0 8fbdcd80fe482a85e81f9516ca65094f14a52949f537d8843d116c4c4c75fb4c 330e2685419218b5a96518f77623d81b7cb2ec2415c613898b887bc9c8bbe471
EXPORTER_SECRET 8fbdcd80fe482a85e81f9516ca65094f14a52949f537d8843d116c4c4c75fb4c 7257d834602e488c6f0352a33226edb8b0858b855b8d4e6487eec377559232ec
CLIENT_TRAFFIC_SECRET_0 ba8f7e746ba3645654c8960eb5c551da0536a8a056828d452265c39d7e82106b bfeda780a1074d468947d38e347995179149ea8fb4eb27b8a9300a1d1419dd75
SERVER_TRAFFIC_SECRET_0 ba8f7e746ba3645654c8960eb5c551da0536a8a056828d452265c39d7e82106b 0fa999ad76c4b1a78a3829a857b1a2e28ec3545a3c3e81e3136f8b0d1218870d
EXPORTER_SECRET ba8f7e746ba3645654c8960eb5c551da0536a8a056828d452265c39d7e82106b 2ef7547d643f4e0d1d210af784eafd17c2cb0e1119a4252511dd127398db116a
CLIENT_HANDSHAKE_TRAFFIC_SECRET d1f4aee22005b652d4d4ae8f83242108470c9612f63264199c3fb51ce246761d e8fd1cc922d2f266fc9a3d2c0b66132048a21628fff88794d870a632b178945e
SERVER_HANDSHAKE_TRAFFIC_SECRET d1f4aee22005b652d4d4ae8f83242108470c9612f63264199c3fb51ce246761d 274ad603681cad8ec5754142f81bd113a62b11823e72e65f849a90e789fde241
CLIENT_HANDSHAKE_TRAFFIC_SECRET d031c656e7f51326939a18f5ee60b6e285d13c4eedd462cbe7538ec86e7c03a9 1aae7b18d6e2f4ba5651781049f79e9903af880b18ed9aa3b23d2a767fe78a0c
SERVER_HANDSHAKE_TRAFFIC_SECRET d031c656e7f51326939a18f5ee60b6e285d13c4eedd462cbe7538ec86e7c03a9 ddbceae8f1dc2446f1f586318ca398969dd20d7e637be2346410ddbd359da5b4
CLIENT_TRAFFIC_SECRET_0 d031c656e7f51326939a18f5ee60b6e285d13c4eedd462cbe7538ec86e7c03a9 4bf100376c0f68ad655d0a247926daf683f5275f9728672e94da80023c126678
SERVER_TRAFFIC_SECRET_0 d031c656e7f51326939a18f5ee60b6e285d13c4eedd462cbe7538ec86e7c03a9 091e09719c51a8625e15b1087926c4bee6f1b0298098fd4ffad1e12cf6b2b964
EXPORTER_SECRET d031c656e7f51326939a18f5ee60b6e285d13c4eedd462cbe7538ec86e7c03a9 c9552adf1aead8799c950b917a82815f9d572e793c8aca8f6531a0c5e1d1c6cb
CLIENT_HANDSHAKE_TRAFFIC_SECRET f309de2872b17c95f29c05df91f464887aed0e6069ee455b4d05b41e2cdbfae9 c0980dc2bd5f647805292d8c0e484e81aa8d94c0fb628820ae2a490806187cd2
SERVER_HANDSHAKE_TRAFFIC_SECRET f309de2872b17c95f29c05df91f464887aed0e6069ee455b4d05b41e2cdbfae9 a4f9ab67c488bb802889720438c9028ee24ea20fe62fc81dd69612e3ec9e3fa1
CLIENT_TRAFFIC_SECRET_0 f309de2872b17c95f29c05df91f464887aed0e6069ee455b4d05b41e2cdbfae9 678dad4642dc2d3a44a64855c5c1c07efaca4936c4b0a7c6d4f8e02370f14701
SERVER_TRAFFIC_SECRET_0 f309de2872b17c95f29c05df91f464887aed0e6069ee455b4d05b41e2cdbfae9 f80744f58f79d267ceb16077ed497076571c75e3551d9512274b8a0f6255dc46
EXPORTER_SECRET f309de2872b17c95f29c05df91f464887aed0e6069ee455b4d05b41e2cdbfae9 3d975a02f09d7a787b1009760f44bf5aaf17237cc2012fe697413939bd43fd86
CLIENT_TRAFFIC_SECRET_0 d1f4aee22005b652d4d4ae8f83242108470c9612f63264199c3fb51ce246761d 19cbaed73f7f6beac0513a27aa982c0ffd369bd3976d789d5a1e18f2c90ddc98
SERVER_TRAFFIC_SECRET_0 d1f4aee22005b652d4d4ae8f83242108470c9612f63264199c3fb51ce246761d fa85f15212191ad5b77b6ea3835dadb646d92db2663a67b18aea37a924c6eee6
EXPORTER_SECRET d1f4aee22005b652d4d4ae8f83242108470c9612f63264199c3fb51ce246761d 3ec9d4ba5ef23f6a15ab92065accad25241c53f2ab10364db0b2b4b9f5f8aeb2
CLIENT_HANDSHAKE_TRAFFIC_SECRET 18cfbe66b8fa58ebacd6a63dad086571085cd7981fe81bfde130b5d5ccd9582a 4caefdb88d8978ec0b0c329a06959b541e54b4d62e75deecb2f48a28912b6b98
SERVER_HANDSHAKE_TRAFFIC_SECRET 18cfbe66b8fa58ebacd6a63dad086571085cd7981fe81bfde130b5d5ccd9582a 797e8c382c1ba99d78c53b0ec23e99f23024648e96d38aec8a12c384c04e6345
CLIENT_TRAFFIC_SECRET_0 18cfbe66b8fa58ebacd6a63dad086571085cd7981fe81bfde130b5d5ccd9582a 330171e813f9a8ffb7a5d6ed2b401eff199f56ed2cf010f46af964c68b32b6f3
SERVER_TRAFFIC_SECRET_0 18cfbe66b8fa58ebacd6a63dad086571085cd7981fe81bfde130b5d5ccd9582a 5e4151e28912abd748bdd6af348cc7df0665cb055de2fae66a57ec3ee3a4048e
EXPORTER_SECRET 18cfbe66b8fa58ebacd6a63dad086571085cd7981fe81bfde130b5d5ccd9582a 98aa815e4a33be7951e79053a0712bc23292e4ce1cad03d46e4efeb3eb73baaf
CLIENT_HANDSHAKE_TRAFFIC_SECRET 5b8265e777a8252aec0a3a796c78c0baf6e4b816f95e1a25e7228e52878a7192 de857e1ab4ad587f6a104ef21545993aeaa2b0f257320f6042621a580f8c826c
SERVER_HANDSHAKE_TRAFFIC_SECRET 5b8265e777a8252aec0a3a796c78c0baf6e4b816f95e1a25e7228e52878a7192 f6d7f575e6cbd0c64f236779930740c56cbbd44675c7a0b4632a97ba999459de
CLIENT_TRAFFIC_SECRET_0 5b8265e777a8252aec0a3a796c78c0baf6e4b816f95e1a25e7228e52878a7192 04af6ae1e7bd2edfbd6a80286845c9be1bba902bf953ad86be25cc2625be93c2
SERVER_TRAFFIC_SECRET_0 5b8265e777a8252aec0a3a796c78c0baf6e4b816f95e1a25e7228e52878a7192 2ff0e1bd19450b17121f6eb65038ad1f332142dc9955dd30c917f89a4ef54f77
EXPORTER_SECRET 5b8265e777a8252aec0a3a796c78c0baf6e4b816f95e1a25e7228e52878a7192 ab6f24beb04f8335d2ebf3465d4d8f8591a55e43687218c99c77cb644df4028d
CLIENT_HANDSHAKE_TRAFFIC_SECRET 663a7300f54cd7a3c7d9b8bd3837354577873517bca55db3fafe00771ddbd069 df4a9bba88a8b01fdb5761f9eb0a9cce2e693fd182dff0a1546b442c48ed5195
SERVER_HANDSHAKE_TRAFFIC_SECRET 663a7300f54cd7a3c7d9b8bd3837354577873517bca55db3fafe00771ddbd069 60bf5d66ac28ad15e67e9372fa09db0690b54ebec568612aebe01a23eef55c30
CLIENT_TRAFFIC_SECRET_0 663a7300f54cd7a3c7d9b8bd3837354577873517bca55db3fafe00771ddbd069 7a46553e7d2d43967f31c063e3325c630c2757da4fda19bb1e1062bd1ee7ae7c
SERVER_TRAFFIC_SECRET_0 663a7300f54cd7a3c7d9b8bd3837354577873517bca55db3fafe00771ddbd069 d31689a13e382b12f43a5d38fa34938a45e41f8eb66d16e3e34ffffef82c13d0
EXPORTER_SECRET 663a7300f54cd7a3c7d9b8bd3837354577873517bca55db3fafe00771ddbd069 77a496991923201769560bde03c6a2e37387d5fc4c1ed92df47683cf495ada5c
CLIENT_HANDSHAKE_TRAFFIC_SECRET 86e81258c511fae65bdeb21f01353bcfaca4c19ebc39608559c5973a47f5fa97 09102c3892386297284e421d3d00805303382da0d34bc09859812382c1ee63eb
SERVER_HANDSHAKE_TRAFFIC_SECRET 86e81258c511fae65bdeb21f01353bcfaca4c19ebc39608559c5973a47f5fa97 3f5f54d61bd367d34f05600fc799128de71c402079569a1b90692309ba75e0cc
CLIENT_HANDSHAKE_TRAFFIC_SECRET 2b051b99e97a5e76e880773baa8f3b330d1cf5ad9d25e3a73256828440e0760d 6ef70b7e9fa7499550e16b97a2d0f375c62a9be890e87bc7bec5866103bda889
SERVER_HANDSHAKE_TRAFFIC_SECRET 2b051b99e97a5e76e880773baa8f3b330d1cf5ad9d25e3a73256828440e0760d b4aef52d17027254583689a2cd21b4aa86a901cb86f03bb1b10bcb9840d02e3d
CLIENT_TRAFFIC_SECRET_0 86e81258c511fae65bdeb21f01353bcfaca4c19ebc39608559c5973a47f5fa97 b32dd1df05a1ebac5855d9e6808f62dd0c771cc34e7968b50275d901db3bd418
SERVER_TRAFFIC_SECRET_0 86e81258c511fae65bdeb21f01353bcfaca4c19ebc39608559c5973a47f5fa97 c7c921a041bba3dceefeb7c21423e9571b448b8aa768437371e1338c13610018
EXPORTER_SECRET 86e81258c511fae65bdeb21f01353bcfaca4c19ebc39608559c5973a47f5fa97 8814345caf9fce1cff5cc93a929cfa3acedb2d16e88eda13e8f3e3e4f590be0d
CLIENT_TRAFFIC_SECRET_0 2b051b99e97a5e76e880773baa8f3b330d1cf5ad9d25e3a73256828440e0760d b08ed7e57b7f88d3f795579bfefeb270c79309c748bbf40fd8fc9751981950e8
SERVER_TRAFFIC_SECRET_0 2b051b99e97a5e76e880773baa8f3b330d1cf5ad9d25e3a73256828440e0760d 0c6cf0e2150a674a8632c824a23683241f9abf22aa116327dcfdb1cebae91477
EXPORTER_SECRET 2b051b99e97a5e76e880773baa8f3b330d1cf5ad9d25e3a73256828440e0760d 9b1178465dc10356c66167c8fd09548bba6abc929d34dd58a3a8a3f465b1b70b
CLIENT_HANDSHAKE_TRAFFIC_SECRET 2785c4a180985245f0ccc1a04724dbc80d4b897272650414eb7705f658b6debe de20e40e96f5b5f1d1faf739851b41e4c1cb957d6812436a1307b594fdead010
SERVER_HANDSHAKE_TRAFFIC_SECRET 2785c4a180985245f0ccc1a04724dbc80d4b897272650414eb7705f658b6debe f2f482f23ff87f4cfe020c7d162a6c9d112a9c58dce4c55fd2e5322d8f36b321
CLIENT_HANDSHAKE_TRAFFIC_SECRET ebabc0e4bbb1de910932e926d3168521ec1f70e4db270b69dafdbaa7f84851ce 0268882cc4f15b355e5a8fcf51c0f0ab79140193af80443b32376c40c2cb37d8
SERVER_HANDSHAKE_TRAFFIC_SECRET ebabc0e4bbb1de910932e926d3168521ec1f70e4db270b69dafdbaa7f84851ce 359b7384031d6b01298f51901c15cd1a288a850eadecf84fe0141339f4af86ef
CLIENT_TRAFFIC_SECRET_0 2785c4a180985245f0ccc1a04724dbc80d4b897272650414eb7705f658b6debe 82618c84b0b4ed9cf32a0772f6403d728a4131470d508fde338bd80aaadaf4ff
SERVER_TRAFFIC_SECRET_0 2785c4a180985245f0ccc1a04724dbc80d4b897272650414eb7705f658b6debe 8416455dbff0847b531b3c77872f69a91fc1033e11043ba063bf44407fb97b50
EXPORTER_SECRET 2785c4a180985245f0ccc1a04724dbc80d4b897272650414eb7705f658b6debe 85a16ac4e2826ab82b1d19e8651bf860091867e5970bb45b3c172f5b936a562d
CLIENT_TRAFFIC_SECRET_0 ebabc0e4bbb1de910932e926d3168521ec1f70e4db270b69dafdbaa7f84851ce 30b742b354221ef33ff1f69f6d6a97fc67a789a1843a82506a876f4dae1445f2
SERVER_TRAFFIC_SECRET_0 ebabc0e4bbb1de910932e926d3168521ec1f70e4db270b69dafdbaa7f84851ce 73703d724f9bf0a63877a3fa31046ac7a1902e06a6780846b777a37a96980671
EXPORTER_SECRET ebabc0e4bbb1de910932e926d3168521ec1f70e4db270b69dafdbaa7f84851ce fd3544e27bc6530d1a8679d46a79064f486957be1c4e1104096583af5347e1d0
CLIENT_HANDSHAKE_TRAFFIC_SECRET 8a247a094a0894ce86e323c7b6f60415fd3fff3ff0b3ce8bbb7e778e7ae94ead 69b32bafdad4e5a41e29a1fe7c883be03e85fa8188598fdc4c3a2004ee4c16af
SERVER_HANDSHAKE_TRAFFIC_SECRET 8a247a094a0894ce86e323c7b6f60415fd3fff3ff0b3ce8bbb7e778e7ae94ead fc15249010b3f9697811b11ae4289f0126b020f4894ec174fdea7e943b1ed46a
CLIENT_TRAFFIC_SECRET_0 8a247a094a0894ce86e323c7b6f60415fd3fff3ff0b3ce8bbb7e778e7ae94ead 4328ca0d44865f194292036c11a4e82391cf7529b4780c04240bd537796314b9
SERVER_TRAFFIC_SECRET_0 8a247a094a0894ce86e323c7b6f60415fd3fff3ff0b3ce8bbb7e778e7ae94ead 57ce4a124d2f3e96bbd87cbc0573fccc38b882b2875e7f4974c489956f422358
EXPORTER_SECRET 8a247a094a0894ce86e323c7b6f60415fd3fff3ff0b3ce8bbb7e778e7ae94ead d72cd3b1e3b6bb19bc10017b2d402a99853b24d60d0cae910fed920a5aaf4bbb
CLIENT_HANDSHAKE_TRAFFIC_SECRET 131952ae3b4cf9ba6a2735ac461e1682e65417d47183d435aed0bf6b005d511f 708ba55df588789177af9ab42886c193d4afdd73ed827a2e0148e7e5c6f6d595
SERVER_HANDSHAKE_TRAFFIC_SECRET 131952ae3b4cf9ba6a2735ac461e1682e65417d47183d435aed0bf6b005d511f c4de10d43f899906f828496b38937b7befc3b33e8f2aeee9e56b2f546cf023f9
CLIENT_TRAFFIC_SECRET_0 131952ae3b4cf9ba6a2735ac461e1682e65417d47183d435aed0bf6b005d511f 2ac694c8ff6aa22930440951138e8473a9c5814585116cb30c52c60b87114543
SERVER_TRAFFIC_SECRET_0 131952ae3b4cf9ba6a2735ac461e1682e65417d47183d435aed0bf6b005d511f 613ebf358e73bedd45a52936fd49669461603b7d21d8c60a9507978f8b740c69
EXPORTER_SECRET 131952ae3b4cf9ba6a2735ac461e1682e65417d47183d435aed0bf6b005d511f b3461e71209ef359ad8bd44272341cb551f9aa736ba78b4d2eb96ac2284d8de6
CLIENT_HANDSHAKE_TRAFFIC_SECRET 1f457639d19fb01a65dc96e5350983e4ee2772e809312eb4ae0b1e376595484c 16736ba121ac57a9b58f5f17cbc0e98f531795eeef385187e45379a14f0bfb29
SERVER_HANDSHAKE_TRAFFIC_SECRET 1f457639d19fb01a65dc96e5350983e4ee2772e809312eb4ae0b1e376595484c 2f389f31aed5f8b3920181752ef581adcbe69b34704bfaf841c2229489c36584
CLIENT_TRAFFIC_SECRET_0 1f457639d19fb01a65dc96e5350983e4ee2772e809312eb4ae0b1e376595484c 20192f1d77caf0f1870311de668e5e827b85a0696b2616dc8c58d69de326608f
SERVER_TRAFFIC_SECRET_0 1f457639d19fb01a65dc96e5350983e4ee2772e809312eb4ae0b1e376595484c 99e92f8889c8c7510489f922da81f696ecddbe05dc7c447b65894fd7eb8308af
EXPORTER_SECRET 1f457639d19fb01a65dc96e5350983e4ee2772e809312eb4ae0b1e376595484c 496a6af1e54ebffa138ab51f39091ea92f71924fdd9e4a8ec5ad7e76a32ac5fe
CLIENT_HANDSHAKE_TRAFFIC_SECRET 3169e538baed885e70b2d5163f208ac98cc7e91937bbacd021ea2bc22d5683e9 2c53c0ead104789baefc9f2f8d93a71fd56299cbdc68a27b4a705247d67bc41a
SERVER_HANDSHAKE_TRAFFIC_SECRET 3169e538baed885e70b2d5163f208ac98cc7e91937bbacd021ea2bc22d5683e9 8a7de1f04a29f309201cc7210cb639e61992c39fa02c700895675a232d61d32e
CLIENT_TRAFFIC_SECRET_0 3169e538baed885e70b2d5163f208ac98cc7e91937bbacd021ea2bc22d5683e9 3f80f4edc81f8de1fa5c44e4dc48166b8acab60fe14feb03ede1f0a153cb88c5
SERVER_TRAFFIC_SECRET_0 3169e538baed885e70b2d5163f208ac98cc7e91937bbacd021ea2bc22d5683e9 852b60769d637e0b11af23fbf42a5ab2a0eb6ccb95602399770b10a24d1a4b29
EXPORTER_SECRET 3169e538baed885e70b2d5163f208ac98cc7e91937bbacd021ea2bc22d5683e9 8a39af5abe14e112fefab61dcf20897512ece9d9137c0066af4764684db3780b
CLIENT_HANDSHAKE_TRAFFIC_SECRET 872595558b7416890c16c48fa61e346ae56ef4626a4769a9fa4cb4573696e51b 9a9392ebb3d6865ab46a606ff354e86afb1430e65f5fdd4ea16465c5cd69bddb
SERVER_HANDSHAKE_TRAFFIC_SECRET 872595558b7416890c16c48fa61e346ae56ef4626a4769a9fa4cb4573696e51b 9b67e6cd379073f418106f03ac44b0a47d841d81f9aab99da00a667095de4385
CLIENT_TRAFFIC_SECRET_0 872595558b7416890c16c48fa61e346ae56ef4626a4769a9fa4cb4573696e51b 4249c4a96ca577fc3d771b15f5c812174cf77ff4107140985a4762b277493657
SERVER_TRAFFIC_SECRET_0 872595558b7416890c16c48fa61e346ae56ef4626a4769a9fa4cb4573696e51b 23fa14cee519f155d4c11123d72cfeeeb22479e8d6cb8627b52146a1b240a406
EXPORTER_SECRET 872595558b7416890c16c48fa61e346ae56ef4626a4769a9fa4cb4573696e51b 2808343ab75cab0d10f750f55e418ec9dec58932054f7ea90504fcfffb66d5c9
CLIENT_HANDSHAKE_TRAFFIC_SECRET cbfa369819ea340fb0a0e833f61dd6453579cd2ad0318b2f7b8f9e0b27dc87ed fce7cb31547eb1c6f888750dac1835b1bbb285452efcfdd852febffdd44c89d6
SERVER_HANDSHAKE_TRAFFIC_SECRET cbfa369819ea340fb0a0e833f61dd6453579cd2ad0318b2f7b8f9e0b27dc87ed f80067c1a3e454c427fc7df81a6bbfa898e24ae7711379b13cf5d0995db6203d
CLIENT_TRAFFIC_SECRET_0 cbfa369819ea340fb0a0e833f61dd6453579cd2ad0318b2f7b8f9e0b27dc87ed 2405bf9527456a7eea0ce3ed7b0bb6c46864c87f55b586ca246a7cb2fae8f1e8
SERVER_TRAFFIC_SECRET_0 cbfa369819ea340fb0a0e833f61dd6453579cd2ad0318b2f7b8f9e0b27dc87ed 49215ee5e36155fe71a1e96a524af18cadbf1ff67977542473fee12638fe5337
EXPORTER_SECRET cbfa369819ea340fb0a0e833f61dd6453579cd2ad0318b2f7b8f9e0b27dc87ed 7eef40f5be9bf9871e8387b294ec236554c058305054c7d191980ae541d2dcc8
CLIENT_HANDSHAKE_TRAFFIC_SECRET cbe1e72f29188f999e3a6a6cf6a5350e67cb2d75ff7f779d558f2b9af160da82 d72c3f5234f753ddb733e350f7743c4f72b70f08d3a369cfdd31328ff81f4920
SERVER_HANDSHAKE_TRAFFIC_SECRET cbe1e72f29188f999e3a6a6cf6a5350e67cb2d75ff7f779d558f2b9af160da82 6d0d8bcf888b2f8dd7b756bc00f874b660d9bb09674d6730a89606835248c121
CLIENT_TRAFFIC_SECRET_0 cbe1e72f29188f999e3a6a6cf6a5350e67cb2d75ff7f779d558f2b9af160da82 9858e40b4dab3329dc902895d2ae30be7cd74443e4c85ade0741b942e055c290
SERVER_TRAFFIC_SECRET_0 cbe1e72f29188f999e3a6a6cf6a5350e67cb2d75ff7f779d558f2b9af160da82 4b186eb871f56d31230ec0b39350f032e1635d66c3764726bf2b767a455f8c98
EXPORTER_SECRET cbe1e72f29188f999e3a6a6cf6a5350e67cb2d75ff7f779d558f2b9af160da82 4af8f040152810371afb70a9b09d0cd06bc497e016aa1a151e310426c4480b18
CLIENT_HANDSHAKE_TRAFFIC_SECRET 02e604e704580f332d9c19a421215756cc3df8f7b49c1b6287a206c7f5a1b2dc fe7069dfc70a94357d5f0d72c51df8f6f74a0815e30fe2791992e533aa8557c7
SERVER_HANDSHAKE_TRAFFIC_SECRET 02e604e704580f332d9c19a421215756cc3df8f7b49c1b6287a206c7f5a1b2dc 2014a9145cebf78be262db75e8aa238ec3b62e3a57917da522b70f7e33625f84
CLIENT_TRAFFIC_SECRET_0 02e604e704580f332d9c19a421215756cc3df8f7b49c1b6287a206c7f5a1b2dc 1500bb0fa8eecb822df1c1669249bd15d54a517f895d766e178523e4020517c7
SERVER_TRAFFIC_SECRET_0 02e604e704580f332d9c19a421215756cc3df8f7b49c1b6287a206c7f5a1b2dc a55c174d2ce5e70c522c5e6d7d017016e1dc6a126d4e472433bcf4dc19adcd71
EXPORTER_SECRET 02e604e704580f332d9c19a421215756cc3df8f7b49c1b6287a206c7f5a1b2dc 7d892560e6a0131bff723bb3ae8cb9b3c8ade5578787d830455714ab7424539c
CLIENT_HANDSHAKE_TRAFFIC_SECRET 94d2cdd0c62b7ca715f940b7c364d01e414684d8143933a338819519b13d4f92 27a2008637e57e55b634639c97998aad3ae02d95d63bf492991232534196f762
SERVER_HANDSHAKE_TRAFFIC_SECRET 94d2cdd0c62b7ca715f940b7c364d01e414684d8143933a338819519b13d4f92 afe0f1df5c84b5ba51e63fcf28d7f3a971da765481889ad9812577dfb63cd103
CLIENT_HANDSHAKE_TRAFFIC_SECRET 0d3ca2c8654d5a0dcc96ad75c941cb39d38222aeac882b9034d5157f139f5ba5 7948ad8134a76e7372e38338c2e5996f02f727517ef90de6d153e4994ae5641e
SERVER_HANDSHAKE_TRAFFIC_SECRET 0d3ca2c8654d5a0dcc96ad75c941cb39d38222aeac882b9034d5157f139f5ba5 eb2620de383820aa2c41af514ede0cfc4a089ab2f3f06edbb284568500792cbc
CLIENT_TRAFFIC_SECRET_0 94d2cdd0c62b7ca715f940b7c364d01e414684d8143933a338819519b13d4f92 050e683928f61dfbc76e7c85a476a04346844f35888f4765617a66a77a56c7a3
SERVER_TRAFFIC_SECRET_0 94d2cdd0c62b7ca715f940b7c364d01e414684d8143933a338819519b13d4f92 c04fe31e78be50cb8292d901813b8cc088ac04188408dc63b62746ad7fe36975
EXPORTER_SECRET 94d2cdd0c62b7ca715f940b7c364d01e414684d8143933a338819519b13d4f92 799ed478ae6a18b4b4632cad6c41269d2278f7122340abcd3beafda00ee45bd1
CLIENT_TRAFFIC_SECRET_0 0d3ca2c8654d5a0dcc96ad75c941cb39d38222aeac882b9034d5157f139f5ba5 4ad7153a871922d0369e79601e4be9380b1477bc51c906ee134edbd52c737d55
SERVER_TRAFFIC_SECRET_0 0d3ca2c8654d5a0dcc96ad75c941cb39d38222aeac882b9034d5157f139f5ba5 5ee6088a961acbef8e59125e19cfdac6ccfe44758d4af26a394380e99b0b5301
EXPORTER_SECRET 0d3ca2c8654d5a0dcc96ad75c941cb39d38222aeac882b9034d5157f139f5ba5 a09d0886a223bdcc88337c94d36d380af0f8194187abfd05d81c9489bd015d8e
CLIENT_HANDSHAKE_TRAFFIC_SECRET 486da639d0157bed231a48018e0e10dba880028add10dee00230795e5ef8f4ba c9a694a2aa98fdbfea02b2e59653ccb42654f05251ade92790ef856ec17a04c2
SERVER_HANDSHAKE_TRAFFIC_SECRET 486da639d0157bed231a48018e0e10dba880028add10dee00230795e5ef8f4ba 143e869e001fe90a35b8f40dfcf17d2eaca6c667f7810293a4d612a8cff1e7cd
CLIENT_TRAFFIC_SECRET_0 486da639d0157bed231a48018e0e10dba880028add10dee00230795e5ef8f4ba 1fd8cb95b82e5d16f190d74c73f7d794c6c52f01eaf78161804e830b1835b6b3
SERVER_TRAFFIC_SECRET_0 486da639d0157bed231a48018e0e10dba880028add10dee00230795e5ef8f4ba b474ce2e12e92b5a4e0c45013bf6837c44979e7c21446358c57d66df4e4d27ab
EXPORTER_SECRET 486da639d0157bed231a48018e0e10dba880028add10dee00230795e5ef8f4ba 75a3a2903d4b10d9c1e3df7b66ec9d2592ee98c7ab304ab962a3c098ac8aa71d
CLIENT_HANDSHAKE_TRAFFIC_SECRET c0f6acfee85e0111cc81e10145191e73ec3bfe427c2d4319b3e9441432b73db9 415ccccf578a873ecd3dd479c8707f74813c484d79625ca9276aa96b25dff61d
SERVER_HANDSHAKE_TRAFFIC_SECRET c0f6acfee85e0111cc81e10145191e73ec3bfe427c2d4319b3e9441432b73db9 7309afcf54f060b3831d06cb506e5c733ac26a1edcc745ba6f09609057563354
CLIENT_TRAFFIC_SECRET_0 c0f6acfee85e0111cc81e10145191e73ec3bfe427c2d4319b3e9441432b73db9 89215ea4bfb8613f44b8ed2cc79fd15b8c74bcb07d262f0dee1fb293dea0cea6
SERVER_TRAFFIC_SECRET_0 c0f6acfee85e0111cc81e10145191e73ec3bfe427c2d4319b3e9441432b73db9 be820a5b35814206449f174f308dac0c061530b4761ef88096766568a10567df
EXPORTER_SECRET c0f6acfee85e0111cc81e10145191e73ec3bfe427c2d4319b3e9441432b73db9 809d87bb610d6fb0ae0da0f71f0887ef00570a0fb53a9fcb0bd7136969b621d6
CLIENT_HANDSHAKE_TRAFFIC_SECRET f4f555547a61b51830b77bb757609a739e621d467c736f2543a98e555f4f2da6 77bc3bc01871a11dfc188f973bfe6439ad80d1a3f7fdf3dbef56e149f709a9dd
SERVER_HANDSHAKE_TRAFFIC_SECRET f4f555547a61b51830b77bb757609a739e621d467c736f2543a98e555f4f2da6 15c6c9552ef353a3e6545a3efaa74b46d4991e76fddfecf7ebe769c75a4f4ec1
CLIENT_HANDSHAKE_TRAFFIC_SECRET e7afddc5644c313081f96b0c73b238fdc8bb20f901f29c5476b54d3e31c9c629 f7d94a66718cd20b6d30d1427e1dfe48a569fdbee4c8bac5dcb6e53d5ed37c54
SERVER_HANDSHAKE_TRAFFIC_SECRET e7afddc5644c313081f96b0c73b238fdc8bb20f901f29c5476b54d3e31c9c629 9123b52a3438f3bdd2707dcc0ce9038dcf05e36a4f760a4d3ea920fc64f5af9f
CLIENT_HANDSHAKE_TRAFFIC_SECRET 7c7db2fe871932b79a9e9c09d9aa969bc086637002d11c3f6adf460052071aef 3c0fc334dae93a34c85abccceff2d40efeaca8ab37032924be334122fd825299
SERVER_HANDSHAKE_TRAFFIC_SECRET 7c7db2fe871932b79a9e9c09d9aa969bc086637002d11c3f6adf460052071aef 96b6987aa48c540f133e18667fc0c7237e1932c272532666cb1df2c4ed05c0a1
CLIENT_TRAFFIC_SECRET_0 e7afddc5644c313081f96b0c73b238fdc8bb20f901f29c5476b54d3e31c9c629 311667c5533219c2b6ee10dc72a179ac3662a0200334c5bc5548386bf82cc2ce
SERVER_TRAFFIC_SECRET_0 e7afddc5644c313081f96b0c73b238fdc8bb20f901f29c5476b54d3e31c9c629 6573f7041a1b60c85fc6ff317d612328a25851b5f791f1db978fd96dfedd71ba
EXPORTER_SECRET e7afddc5644c313081f96b0c73b238fdc8bb20f901f29c5476b54d3e31c9c629 1cba402f98d60bf1389db79a55b960a258bcf468a0dc5172561269bfb02c935c
CLIENT_TRAFFIC_SECRET_0 7c7db2fe871932b79a9e9c09d9aa969bc086637002d11c3f6adf460052071aef d54c03d1e4631b75931e3fa8a7d5558e3c4c27878095330a55057299775c2a4d
SERVER_TRAFFIC_SECRET_0 7c7db2fe871932b79a9e9c09d9aa969bc086637002d11c3f6adf460052071aef 34dccfd0e260577e2297586fd2a2030209fda3a866c339e725f914e1eddd2be9
EXPORTER_SECRET 7c7db2fe871932b79a9e9c09d9aa969bc086637002d11c3f6adf460052071aef 9a6f903eeae171b2c6ebca667924a59919be564cf926315c284c9e7389c58a60
CLIENT_TRAFFIC_SECRET_0 f4f555547a61b51830b77bb757609a739e621d467c736f2543a98e555f4f2da6 f8bbf3a1ae0cca3b35ce5dee6dc0be22aacd65d1dd209c3155efefd6a19ebf88
SERVER_TRAFFIC_SECRET_0 f4f555547a61b51830b77bb757609a739e621d467c736f2543a98e555f4f2da6 24340a61421657510a154107b6e84c05132bd4368f1f22226758467cf995b9d8
EXPORTER_SECRET f4f555547a61b51830b77bb757609a739e621d467c736f2543a98e555f4f2da6 e4577fc6822b95c33e9dac756234b739bcec4dbc9d2887379c92923babd4f99f
CLIENT_HANDSHAKE_TRAFFIC_SECRET bf5c41f5c6607814b93c71a7a0d0a4d17ae34ef9fbbcae5531abec2431ab9c91 f4afafcacd4b98a2ea36f7db0a628dfc436b2a46d1f1a2ef6a34942fe30f1f26
SERVER_HANDSHAKE_TRAFFIC_SECRET bf5c41f5c6607814b93c71a7a0d0a4d17ae34ef9fbbcae5531abec2431ab9c91 b842f1f348d9cba6893679888d724d5fae59997a3cedafe2bfb780b1aae5485d
CLIENT_HANDSHAKE_TRAFFIC_SECRET cbdee4b4bc1a014434c9ac426ff15c637f15c3784ffa729738524dccedb340a1 af40875d0fd85d29b0b1dfb389d9b26682549d31a779bfa310852f8b39e4ea23
SERVER_HANDSHAKE_TRAFFIC_SECRET cbdee4b4bc1a014434c9ac426ff15c637f15c3784ffa729738524dccedb340a1 c3a82f34771227aaa6c020e112c0a84526d5b5f0a1e37c981c9a19133c4ae847
CLIENT_TRAFFIC_SECRET_0 cbdee4b4bc1a014434c9ac426ff15c637f15c3784ffa729738524dccedb340a1 2fbaebd2e31970cb92315f31b483cdef218fccb1872f721591d292df6b64b783
SERVER_TRAFFIC_SECRET_0 cbdee4b4bc1a014434c9ac426ff15c637f15c3784ffa729738524dccedb340a1 6062ef1e8b863082a34f2c561f4f785c998da9bffe9d8df020eb0da238220bd6
EXPORTER_SECRET cbdee4b4bc1a014434c9ac426ff15c637f15c3784ffa729738524dccedb340a1 8fa84cffbc3521343eb524e05bce0e0ac609a76d49f696ea568c1af445b67653
CLIENT_TRAFFIC_SECRET_0 bf5c41f5c6607814b93c71a7a0d0a4d17ae34ef9fbbcae5531abec2431ab9c91 02aa03554c1c39facfa5dda2a3a3337d394e02ae5c4fcdae9a71ef9b1893f511
SERVER_TRAFFIC_SECRET_0 bf5c41f5c6607814b93c71a7a0d0a4d17ae34ef9fbbcae5531abec2431ab9c91 22b13ffb898aed9bfa51fc2df1647a694e0ad4f259748898126eba39b0d16637
EXPORTER_SECRET bf5c41f5c6607814b93c71a7a0d0a4d17ae34ef9fbbcae5531abec2431ab9c91 21a50d72c431efda705cff416dd3fbd9c80e1a8d13d9ff48fc9831c7feca75f8
CLIENT_HANDSHAKE_TRAFFIC_SECRET 89889be912a6920dbe81694252c84cab1d51b703448eaaef526e67df26ba13db 5621afd132011d1634131b0447f3330ef573552cb8a9328c6fa9ae4c72ebee2c
SERVER_HANDSHAKE_TRAFFIC_SECRET 89889be912a6920dbe81694252c84cab1d51b703448eaaef526e67df26ba13db f81bf59183a769c137e73a1449c64673f057db18815c3439951a18d87b7fdfbf
CLIENT_TRAFFIC_SECRET_0 89889be912a6920dbe81694252c84cab1d51b703448eaaef526e67df26ba13db 36d063c8f9e8def14642f0175ce864130c96be7173243482e43d531fa94e69bc
SERVER_TRAFFIC_SECRET_0 89889be912a6920dbe81694252c84cab1d51b703448eaaef526e67df26ba13db 2ce1d567e2849713781b1a22b4c5c581e3987f5137933b9a8c5676449807a1a4
EXPORTER_SECRET 89889be912a6920dbe81694252c84cab1d51b703448eaaef526e67df26ba13db 0041af14f29e697921c28629babf138e6653bd481e316223e15cf26e5fcb31f3
CLIENT_HANDSHAKE_TRAFFIC_SECRET 906c5290ba56eda2dcdf1c09bca830dee2b3ab03d11667eafe43c09dfbc01e38 930983191d041083ad4e49fd6900365446409035698ceb47756f45e414d7f23d
SERVER_HANDSHAKE_TRAFFIC_SECRET 906c5290ba56eda2dcdf1c09bca830dee2b3ab03d11667eafe43c09dfbc01e38 1228359b1e5eab8b2b97f6b8716b47364dd41c14e97552594843fd1c672eeb92
CLIENT_TRAFFIC_SECRET_0 906c5290ba56eda2dcdf1c09bca830dee2b3ab03d11667eafe43c09dfbc01e38 f5693283e406db6ef512726d32e830d0a8595a703b10ac74647c4680b5f88f49
SERVER_TRAFFIC_SECRET_0 906c5290ba56eda2dcdf1c09bca830dee2b3ab03d11667eafe43c09dfbc01e38 4de331c9716063f088e46add2cc6e240d283a256ebca664f3da217671d68cc83
EXPORTER_SECRET 906c5290ba56eda2dcdf1c09bca830dee2b3ab03d11667eafe43c09dfbc01e38 af29a3e9096b0bf0e8399497d0409dfb5d008869cd4236ecc5886a14e5c5bc0a
CLIENT_HANDSHAKE_TRAFFIC_SECRET 03dc2ce8166a4994d3273935c499dcecb9f9273fd9708c943d2f0fb0d76e341f e934342c364097d6b771747c6cd87835d5fa0698df77ac569c1f2ee67df9f781
SERVER_HANDSHAKE_TRAFFIC_SECRET 03dc2ce8166a4994d3273935c499dcecb9f9273fd9708c943d2f0fb0d76e341f 28b61994eff0da08f5f6b60c1c72a85c1f6fbbe02940bfd1d030def1a2bfff00
CLIENT_TRAFFIC_SECRET_0 03dc2ce8166a4994d3273935c499dcecb9f9273fd9708c943d2f0fb0d76e341f 0054467ac20a8d4b452a824f8d8825e148a33bdbe9f1b5e4ed87341805a0fad5
SERVER_TRAFFIC_SECRET_0 03dc2ce8166a4994d3273935c499dcecb9f9273fd9708c943d2f0fb0d76e341f e4e288714b25d05d63819ef50a17ed97ffbbeb4760e6883152025b034b98ede5
EXPORTER_SECRET 03dc2ce8166a4994d3273935c499dcecb9f9273fd9708c943d2f0fb0d76e341f eb5245c374bffef140f5a52ecfb0a4691d7e10b2a5750df1c953e1b4d0a1696a
CLIENT_HANDSHAKE_TRAFFIC_SECRET 854cf6f00b67e019da379eb0b903f85ee656b81a1f987798ad26a3d42199f8e9 bdd091c7bff9c1d4557ba4a73f4c126d4585b542d0f2a6c2badc2246c76ef0e5
SERVER_HANDSHAKE_TRAFFIC_SECRET 854cf6f00b67e019da379eb0b903f85ee656b81a1f987798ad26a3d42199f8e9 0f053b0805d3af6e89d09d91ff66c7ff2caf40275848afb96add9ad8c3b5d102
CLIENT_TRAFFIC_SECRET_0 854cf6f00b67e019da379eb0b903f85ee656b81a1f987798ad26a3d42199f8e9 ef855c75e6969cfcf79068995c42c9884478cf66f622abd151d273324da4a809
SERVER_TRAFFIC_SECRET_0 854cf6f00b67e019da379eb0b903f85ee656b81a1f987798ad26a3d42199f8e9 677d837f3a5f8299f202cd5c55c3b50befc46494de4ec678af9ee8405012be8f
EXPORTER_SECRET 854cf6f00b67e019da379eb0b903f85ee656b81a1f987798ad26a3d42199f8e9 891425054d2d1070826666257e9e9b21fe6396cde89964d701ee820b59765b3a
CLIENT_HANDSHAKE_TRAFFIC_SECRET 0456ddd34e1301b5bbb62db24eebe560b15a3cd9311f018af1c382f59bbfde5c 0745e137a1598fcb9240f07e72659071cc1b5b7c140490298e8a3f46a9234e63
SERVER_HANDSHAKE_TRAFFIC_SECRET 0456ddd34e1301b5bbb62db24eebe560b15a3cd9311f018af1c382f59bbfde5c c64f53a221c4030f4e9e0348547f01c632780d288cf63bb880a92618b882af67
CLIENT_TRAFFIC_SECRET_0 0456ddd34e1301b5bbb62db24eebe560b15a3cd9311f018af1c382f59bbfde5c e2eaa7124a203f68d5e557b3cd2a8d5cc663f7df7a56a3f01daec8dd98198935
SERVER_TRAFFIC_SECRET_0 0456ddd34e1301b5bbb62db24eebe560b15a3cd9311f018af1c382f59bbfde5c c343a45c371e8397b7275643606e4fa2189a6491a7de0907e405a117dfc1c825
EXPORTER_SECRET 0456ddd34e1301b5bbb62db24eebe560b15a3cd9311f018af1c382f59bbfde5c 23d8208bb9f8f407ce906de1e77525d1b0d0ef7928cafe270f50baa6178cff79
CLIENT_HANDSHAKE_TRAFFIC_SECRET 5260b811686989ef11b89c2548c7b9eeefc2c415dd4d5e006c3cd4e5884b95ed f2e9260fc0efd114750c7afaf5b3314d3c83b2ede5314c7acda37d8afa2ed5e4
SERVER_HANDSHAKE_TRAFFIC_SECRET 5260b811686989ef11b89c2548c7b9eeefc2c415dd4d5e006c3cd4e5884b95ed 79d95c0e17aee959d03527c2fb51fca2f895be16574c5b8866472d9cff0590b0
CLIENT_TRAFFIC_SECRET_0 5260b811686989ef11b89c2548c7b9eeefc2c415dd4d5e006c3cd4e5884b95ed 8c3b33f8dff132254f8ed2eda24494afdfb40482062e14397b76b2e7c870b5a5
SERVER_TRAFFIC_SECRET_0 5260b811686989ef11b89c2548c7b9eeefc2c415dd4d5e006c3cd4e5884b95ed 5ca7dbce12363374b963fe3163cac9f77487457e499db8ec8d4b02410287d7c9
EXPORTER_SECRET 5260b811686989ef11b89c2548c7b9eeefc2c415dd4d5e006c3cd4e5884b95ed a18ccc6e31a2d05edf28244471023f12e1261bdedad632d59c25d50a1f121d1e
CLIENT_HANDSHAKE_TRAFFIC_SECRET cdf77e8834f0d94d54bc7db71650c406fd23418b9661bb27a51771a5d9d28fab b42bc3f9d852146ade4b6079b418618883c9df393509b1f5022916670e662fc8
SERVER_HANDSHAKE_TRAFFIC_SECRET cdf77e8834f0d94d54bc7db71650c406fd23418b9661bb27a51771a5d9d28fab cda75d0dd8bc607fd6c441071e844cb5c8f8137c8bf1860efd2a7e7b0d108dfd
CLIENT_TRAFFIC_SECRET_0 cdf77e8834f0d94d54bc7db71650c406fd23418b9661bb27a51771a5d9d28fab 9eaf57ade9f6eca0c40e38613b91403223bccf9aff9b929cc43f3ce6dfd557d6
SERVER_TRAFFIC_SECRET_0 cdf77e8834f0d94d54bc7db71650c406fd23418b9661bb27a51771a5d9d28fab e41fa34a24a344198a48da078fbc8c9b77961585881c0678ca51de58f770abec
EXPORTER_SECRET cdf77e8834f0d94d54bc7db71650c406fd23418b9661bb27a51771a5d9d28fab d4a3d90fc4bcfd3ac04104056a0293550cf6abf3a55123f7e441b08aed3e56b1
CLIENT_HANDSHAKE_TRAFFIC_SECRET 6941bda108d6d891dcda61fd31d98d9aa0bcc8d389785802b76d3f2b148d2cbe 32ff6fe392258e6287fdf59c8d5c639dca0da094be645bbf7fb2ae1f5e95a2e6
SERVER_HANDSHAKE_TRAFFIC_SECRET 6941bda108d6d891dcda61fd31d98d9aa0bcc8d389785802b76d3f2b148d2cbe 92d50cee5ee22d1639bbb8a4bd43907c82f67409b45494fede34d51aa1012e24
CLIENT_TRAFFIC_SECRET_0 6941bda108d6d891dcda61fd31d98d9aa0bcc8d389785802b76d3f2b148d2cbe 4ef3993586cc0603dd150d67b93a34767d838dd46b13e70f1414728aee32164a
SERVER_TRAFFIC_SECRET_0 6941bda108d6d891dcda61fd31d98d9aa0bcc8d389785802b76d3f2b148d2cbe 07a97a34b474dc8e1dbb8174779afb065eded3460dc4c77c9029a6f1f21f7104
EXPORTER_SECRET 6941bda108d6d891dcda61fd31d98d9aa0bcc8d389785802b76d3f2b148d2cbe eb3f374ece8a50f7243f2eb7b2d096127fc23cc377cb8500e111002964686321
CLIENT_HANDSHAKE_TRAFFIC_SECRET 86192ce0c57e4198536b7c297f42fd437544bfd2c3b2443b5c63b78ae11ff45e f302eeb7fd5638dedb62b938f058fcd9b76dba59748c8923944d1b17f5f14ae4
SERVER_HANDSHAKE_TRAFFIC_SECRET 86192ce0c57e4198536b7c297f42fd437544bfd2c3b2443b5c63b78ae11ff45e 16d6c2a3432c3143e0a7cfafb8e97ed3348d584ec87c372683748794e67e2a16
CLIENT_TRAFFIC_SECRET_0 86192ce0c57e4198536b7c297f42fd437544bfd2c3b2443b5c63b78ae11ff45e 0eb7be0916d0d457958e96bd1dffaadfe38595bc6c6ab14a6d7c8145fea497c9
SERVER_TRAFFIC_SECRET_0 86192ce0c57e4198536b7c297f42fd437544bfd2c3b2443b5c63b78ae11ff45e cf11bba99830f4026a8735d5e303c89a1f3855047915e6e3ed0355b912f84465
EXPORTER_SECRET 86192ce0c57e4198536b7c297f42fd437544bfd2c3b2443b5c63b78ae11ff45e 93fdc7642679d3a34c4fecd8ab9be700399c825be98bdb0fe2295b823a6cd32e
CLIENT_HANDSHAKE_TRAFFIC_SECRET 11d590c70c24230aae2847a98374893df172f9794a2e47d372bf5d23560930b5 169132daa05e8b9a17757e8bc12b8efcd096e4aae89155db68b46468d65d79cb
SERVER_HANDSHAKE_TRAFFIC_SECRET 11d590c70c24230aae2847a98374893df172f9794a2e47d372bf5d23560930b5 d1ab5a3858b298e261ef24a16db525d98ed37a0dc801ddb7810194ef2f847c52
CLIENT_TRAFFIC_SECRET_0 11d590c70c24230aae2847a98374893df172f9794a2e47d372bf5d23560930b5 5c4186ea51b3134316f04f3666607c1d26c36b437ff0ef7e2ace1c03b33a05de
SERVER_TRAFFIC_SECRET_0 11d590c70c24230aae2847a98374893df172f9794a2e47d372bf5d23560930b5 d514afeaba93e739316ca47b6f46729794daf6642113ce23e71063ed2fd010f5
EXPORTER_SECRET 11d590c70c24230aae2847a98374893df172f9794a2e47d372bf5d23560930b5 39c8e1ce20a30b06e363bbcd2213c5c668752fe6cc1b719af288c9e7e9bb63e9
CLIENT_HANDSHAKE_TRAFFIC_SECRET ec58214aea3819a6761ca64dffa2b2b338d4ecdca72660a19493bbd3e742ebff 64b8db545500f7466a89022f162546926329e7d7947f44d2113de064aa8a316a
SERVER_HANDSHAKE_TRAFFIC_SECRET ec58214aea3819a6761ca64dffa2b2b338d4ecdca72660a19493bbd3e742ebff 9eb1fb65740cf97ea1fa4e86dc85d4a383143179a18a5a40a5af3cbf67df7c03
CLIENT_TRAFFIC_SECRET_0 ec58214aea3819a6761ca64dffa2b2b338d4ecdca72660a19493bbd3e742ebff 4ae3f59465ffeada98db2a0f495083345112cf26b0d23406ebb4b3ea2c6a7bb4
SERVER_TRAFFIC_SECRET_0 ec58214aea3819a6761ca64dffa2b2b338d4ecdca72660a19493bbd3e742ebff 074883fdf617e78dca24a8960d9e681d9cffa172b0a2b58c96617d1315b6b405
EXPORTER_SECRET ec58214aea3819a6761ca64dffa2b2b338d4ecdca72660a19493bbd3e742ebff 3c0b426df69c87020dd5e305ded43911a8d1dcf5e56bdc73bf8725bfbaf19e30
CLIENT_HANDSHAKE_TRAFFIC_SECRET 963ac48300e7be6bf3f23ccef9b3f071ed7353441b10254737860f01385fd184 11d4a8fe12cf4002a669e643030fd4e59e709218c13978bd591229ffdb700315
SERVER_HANDSHAKE_TRAFFIC_SECRET 963ac48300e7be6bf3f23ccef9b3f071ed7353441b10254737860f01385fd184 ebda6a4d2b199ed56ce25bf17ce8eeb54a311eac0eb5acf551451c1d79eb2dab
CLIENT_TRAFFIC_SECRET_0 963ac48300e7be6bf3f23ccef9b3f071ed7353441b10254737860f01385fd184 e5b67e7a991f145bbaf0228146c39db4e50810a1a62c7df11a117b94cd5e32aa
SERVER_TRAFFIC_SECRET_0 963ac48300e7be6bf3f23ccef9b3f071ed7353441b10254737860f01385fd184 d12ea32b596272cbf51259b2c367df6bd129ce33549ce7a4f0f233d63680f452
EXPORTER_SECRET 963ac48300e7be6bf3f23ccef9b3f071ed7353441b10254737860f01385fd184 c00519754b8066af8758e7832d410d1d22cf5f7bfad99eeff4e2a1b063d5fb03
CLIENT_HANDSHAKE_TRAFFIC_SECRET 67ff25cbbe842586692c1370e42db6eeb7ccf6049e8b68d0548849235668fda1 025a2b1b744b4cde765153ba255e486c7eece6bd85e4369018422c82cd1e1e2c
SERVER_HANDSHAKE_TRAFFIC_SECRET 67ff25cbbe842586692c1370e42db6eeb7ccf6049e8b68d0548849235668fda1 fd1fc1a1234504190cede24279525b67222e262b7eac57beac83c23f28d0b675
CLIENT_TRAFFIC_SECRET_0 67ff25cbbe842586692c1370e42db6eeb7ccf6049e8b68d0548849235668fda1 079d9398553f22a493c3d03869f72618a0e505724a0b0f54e93b4516d7b1c3c3
SERVER_TRAFFIC_SECRET_0 67ff25cbbe842586692c1370e42db6eeb7ccf6049e8b68d0548849235668fda1 be79bd21e61b2b8d3f0b91080adb775c544e6ac80cbe05c8100219730b46e050
EXPORTER_SECRET 67ff25cbbe842586692c1370e42db6eeb7ccf6049e8b68d0548849235668fda1 61442c4470a1ae8b4232a34d87a47a76284d8ff507f4c9ea70ec4d6a9ed7b942
CLIENT_HANDSHAKE_TRAFFIC_SECRET 6c0d9509c3427c787ec15f42c1a40cad40b700263985ff6c22e8f7984cc21e9f b09734c9adfdf9b6e18c76f2b2420d96c637ee2eeab1f2be23b43abf66734fb1
SERVER_HANDSHAKE_TRAFFIC_SECRET 6c0d9509c3427c787ec15f42c1a40cad40b700263985ff6c22e8f7984cc21e9f 3fb5a30b90a5cbf678c303c2d9a7b4f260fbf6ecb099e212ca5aa873a96cee28
CLIENT_TRAFFIC_SECRET_0 6c0d9509c3427c787ec15f42c1a40cad40b700263985ff6c22e8f7984cc21e9f a7782a0452a64007f8788859588f90b109a23ef13add081bce07bf65ea181c75
SERVER_TRAFFIC_SECRET_0 6c0d9509c3427c787ec15f42c1a40cad40b700263985ff6c22e8f7984cc21e9f e55517c09042c1de9859f411153cf9ee83ae88b7b6d07cf952b7226d6ec27168
EXPORTER_SECRET 6c0d9509c3427c787ec15f42c1a40cad40b700263985ff6c22e8f7984cc21e9f 7eead5f5e9272f2604626761890d0a08f4eb2320f69a079f9b9ac9811fca8f7e
CLIENT_HANDSHAKE_TRAFFIC_SECRET 008b877b1b9837b64de033548753945dcdfbfa3849fcb43da5edae31f9d205b2 d04c66250f31f41449b60bd311c5427ea4eaa1bc5a5062da35fe6eeb1c93050e
SERVER_HANDSHAKE_TRAFFIC_SECRET 008b877b1b9837b64de033548753945dcdfbfa3849fcb43da5edae31f9d205b2 e2d4edd18807e3dfd22a889f496fe72783e6e1f64ef6fdbb92275b2b3cd5be2a
CLIENT_TRAFFIC_SECRET_0 008b877b1b9837b64de033548753945dcdfbfa3849fcb43da5edae31f9d205b2 f99b350ad961f1a53dfba7d7abc04f769a3c4369da8137e778e40a5146c37510
SERVER_TRAFFIC_SECRET_0 008b877b1b9837b64de033548753945dcdfbfa3849fcb43da5edae31f9d205b2 75cbf4a2bf063c5b8adbc1702bf3322c938e0b2e66cbe9a18db39b29ea76663c
EXPORTER_SECRET 008b877b1b9837b64de033548753945dcdfbfa3849fcb43da5edae31f9d205b2 d0e2066afed57f036d01bb96021d8d1eed405e73420aa712c25362f9c826c77d
CLIENT_HANDSHAKE_TRAFFIC_SECRET 4a34e7b8e7f2d03d150679fb9bd0582b43268e5cebe6d52d45e41b503812deaf 2768fdbd962a1a9718a3750112b593366cef8414739c50038b1ae472f63d1e2d
SERVER_HANDSHAKE_TRAFFIC_SECRET 4a34e7b8e7f2d03d150679fb9bd0582b43268e5cebe6d52d45e41b503812deaf 6b5484926e01a74731c25699c2b1d31a71db13278c7ce321c509bf2efe9830aa
CLIENT_TRAFFIC_SECRET_0 4a34e7b8e7f2d03d150679fb9bd0582b43268e5cebe6d52d45e41b503812deaf c92b663c5525c4d93c5b4db043a2b8323e8f194de816b5c0b82cba4322230d61
SERVER_TRAFFIC_SECRET_0 4a34e7b8e7f2d03d150679fb9bd0582b43268e5cebe6d52d45e41b503812deaf 850f032c39c52452a59704b02ad13e7293a71362c21000e6dc60c239042a68b7
EXPORTER_SECRET 4a34e7b8e7f2d03d150679fb9bd0582b43268e5cebe6d52d45e41b503812deaf b6eeb0f1da3c4cec77bab5295c6445848b675304d4638a785838b7deedd94940
CLIENT_HANDSHAKE_TRAFFIC_SECRET 63219190573f566ce40561668dfc71acb86ad3dd0697e35e0786d9ac8ae933fe 85d330c0ca3f3faa00a79f70775c78fa583fee3f9d28de578954b7f8b5797e02
SERVER_HANDSHAKE_TRAFFIC_SECRET 63219190573f566ce40561668dfc71acb86ad3dd0697e35e0786d9ac8ae933fe ae9ced611cdffd0e186c79733be48c24220cea767e3a56f2760bf904c98d6958
CLIENT_TRAFFIC_SECRET_0 63219190573f566ce40561668dfc71acb86ad3dd0697e35e0786d9ac8ae933fe 7eaea4697431191c3552442f7066f411df68fe2e91e57861e59aacbeb01a8d0a
SERVER_TRAFFIC_SECRET_0 63219190573f566ce40561668dfc71acb86ad3dd0697e35e0786d9ac8ae933fe c2cc3a5f0e8659af35fa32164c21f7684d11f65be1397dfd423e61dab2bd5b88
EXPORTER_SECRET 63219190573f566ce40561668dfc71acb86ad3dd0697e35e0786d9ac8ae933fe 70bd0ac058c3c9a45bf2b53e12ca45613ad649383b2d5473c9dd3fdf8c459ff2
CLIENT_HANDSHAKE_TRAFFIC_SECRET ccedf1973227d121d1bb9f455d440765dad2f0b05a4d35b68b1fdde517a3735b 25eac7bc40372a1ae9399515282cd9340d275625cc7803cb8ea6e95a655c075e
SERVER_HANDSHAKE_TRAFFIC_SECRET ccedf1973227d121d1bb9f455d440765dad2f0b05a4d35b68b1fdde517a3735b e9e08125af54b4e0d564f24ac06c269615596e8e4d2d611de7ac9d0f41b54a34
CLIENT_TRAFFIC_SECRET_0 ccedf1973227d121d1bb9f455d440765dad2f0b05a4d35b68b1fdde517a3735b 7ed17bd215d5b85324e84b406bbe6dbd12f0601825cd8c00e38535b3973a400d
SERVER_TRAFFIC_SECRET_0 ccedf1973227d121d1bb9f455d440765dad2f0b05a4d35b68b1fdde517a3735b 23c0947a61a164ccc51605bac1db3d36cd7facc18082323002ce95d91c1f2b29
EXPORTER_SECRET ccedf1973227d121d1bb9f455d440765dad2f0b05a4d35b68b1fdde517a3735b a7f2b8b1cd88f5bef4ab1a1aa0676c0f760e49033232a41c1ee87c1e7807d177
CLIENT_HANDSHAKE_TRAFFIC_SECRET da0009dcfac34a896da72fe0f7c4bcc83b3e194b03b0137b7cb14d7a50da298a 4a987e8f2249097c12df0594f887e3fc475eb3e0517ea82525336e2d7323982a
SERVER_HANDSHAKE_TRAFFIC_SECRET da0009dcfac34a896da72fe0f7c4bcc83b3e194b03b0137b7cb14d7a50da298a 1f0741e97240ad0660c6030a35430011843f2585b30e3abb5678b51a00b2b148
CLIENT_TRAFFIC_SECRET_0 da0009dcfac34a896da72fe0f7c4bcc83b3e194b03b0137b7cb14d7a50da298a 3630d11924c311a0f3b81029d4e33e786f17fd8c6d3ac8a51e62a28222970072
SERVER_TRAFFIC_SECRET_0 da0009dcfac34a896da72fe0f7c4bcc83b3e194b03b0137b7cb14d7a50da298a 343a8b465e66218194bb20e0fdf369db7249aeb2554963f7322c201d94a06226
EXPORTER_SECRET da0009dcfac34a896da72fe0f7c4bcc83b3e194b03b0137b7cb14d7a50da298a 60227de56d400c7358f82a7ebea5451c110d4ccdb26952ec79457bfd21288e47
CLIENT_HANDSHAKE_TRAFFIC_SECRET 86870fdefa030aa8c6ca4532823d24787be25898457695a0a9253c1d92d552a1 df679679b42dd2f927a571068b06dcd2b5d40d83b693411f96fde6f9a0955af4
SERVER_HANDSHAKE_TRAFFIC_SECRET 86870fdefa030aa8c6ca4532823d24787be25898457695a0a9253c1d92d552a1 12113a2366e04cc9a514e0261189dc0bb77d42ca36adc4596a037a10304553d5
CLIENT_TRAFFIC_SECRET_0 86870fdefa030aa8c6ca4532823d24787be25898457695a0a9253c1d92d552a1 935c55e49ab4e69698ed4492c1ce3b5d136147dc90bc2f28b2c4e22800316e75
SERVER_TRAFFIC_SECRET_0 86870fdefa030aa8c6ca4532823d24787be25898457695a0a9253c1d92d552a1 f2392c9e55035e04684830d4004c907a9757ea73f63403cef2d532bf82457146
EXPORTER_SECRET 86870fdefa030aa8c6ca4532823d24787be25898457695a0a9253c1d92d552a1 abc8b835663f023010987b380f8d4752c4c0f7c40c401a7bb1853b198dfecf46
